{
  "RSpec": {
    "coverage": {
      "/Users/ktwotwo/Project/miles-of-smiles/spec/features/admin_add_product_pages_spec.rb": [
        1,
        null,
        1,
        1,
        1,
        1,
        1,
        1,
        1,
        1,
        1,
        1,
        1,
        1,
        1,
        1,
        null,
        null
      ],
      "/Users/ktwotwo/Project/miles-of-smiles/spec/rails_helper.rb": [
        null,
        1,
        1,
        1,
        null,
        1,
        1,
        1,
        null,
        1,
        null,
        1,
        1,
        1,
        1,
        1,
        null,
        null,
        1,
        1,
        1,
        1,
        null,
        null
      ],
      "/Users/ktwotwo/Project/miles-of-smiles/config/environment.rb": [
        1,
        null,
        1
      ],
      "/Users/ktwotwo/Project/miles-of-smiles/config/application.rb": [
        1,
        null,
        1,
        1,
        1,
        1,
        1,
        1,
        1,
        1,
        1,
        null,
        1,
        null,
        1,
        1,
        null,
        null
      ],
      "/Users/ktwotwo/Project/miles-of-smiles/config/boot.rb": [
        1,
        null,
        1
      ],
      "/Users/ktwotwo/Project/miles-of-smiles/config/environments/test.rb": [
        1,
        1,
        1,
        1,
        1,
        null,
        null,
        null,
        1,
        1,
        1,
        1,
        1,
        1,
        1,
        null
      ],
      "/Users/ktwotwo/Project/miles-of-smiles/config/initializers/application_controller_renderer.rb": [
        null,
        null,
        null,
        null,
        null,
        null
      ],
      "/Users/ktwotwo/Project/miles-of-smiles/config/initializers/assets.rb": [
        1
      ],
      "/Users/ktwotwo/Project/miles-of-smiles/config/initializers/backtrace_silencers.rb": [
        null,
        null,
        null,
        null,
        null,
        null,
        null
      ],
      "/Users/ktwotwo/Project/miles-of-smiles/config/initializers/cookies_serializer.rb": [
        1
      ],
      "/Users/ktwotwo/Project/miles-of-smiles/config/initializers/devise.rb": [
        null,
        null,
        1,
        null,
        null,
        null,
        null,
        null,
        null,
        null,
        null,
        null,
        null,
        null,
        1,
        null,
        null,
        null,
        null,
        null,
        null,
        null,
        null,
        null,
        null,
        null,
        1,
        null,
        null,
        null,
        null,
        null,
        null,
        null,
        null,
        null,
        null,
        null,
        null,
        null,
        null,
        null,
        null,
        null,
        null,
        null,
        null,
        null,
        1,
        null,
        null,
        null,
        null,
        1,
        null,
        null,
        null,
        null,
        null,
        null,
        null,
        null,
        null,
        null,
        null,
        null,
        null,
        null,
        null,
        null,
        null,
        null,
        null,
        null,
        null,
        null,
        null,
        null,
        null,
        null,
        null,
        null,
        null,
        null,
        1,
        null,
        null,
        null,
        null,
        null,
        null,
        null,
        null,
        null,
        null,
        null,
        null,
        null,
        null,
        null,
        null,
        null,
        null,
        null,
        null,
        null,
        null,
        1,
        null,
        null,
        null,
        null,
        null,
        null,
        null,
        null,
        null,
        null,
        null,
        null,
        null,
        null,
        null,
        null,
        null,
        null,
        null,
        null,
        null,
        null,
        null,
        null,
        null,
        null,
        null,
        1,
        null,
        null,
        null,
        null,
        null,
        null,
        null,
        null,
        null,
        1,
        null,
        null,
        null,
        null,
        null,
        null,
        null,
        null,
        null,
        null,
        1,
        null,
        null,
        null,
        null,
        1,
        null,
        null,
        null,
        null,
        null,
        null,
        null,
        null,
        null,
        null,
        null,
        null,
        null,
        null,
        null,
        null,
        null,
        null,
        null,
        null,
        null,
        null,
        null,
        null,
        null,
        null,
        null,
        null,
        null,
        null,
        null,
        null,
        null,
        null,
        null,
        null,
        null,
        null,
        null,
        null,
        1,
        null,
        null,
        null,
        null,
        null,
        null,
        null,
        null,
        null,
        null,
        null,
        null,
        null,
        null,
        null,
        null,
        null,
        null,
        null,
        null,
        null,
        null,
        null,
        null,
        null,
        null,
        null,
        null,
        null,
        null,
        null,
        null,
        null,
        null,
        null,
        null,
        null,
        null,
        null,
        null,
        null,
        1,
        null,
        null,
        null,
        null,
        null,
        null,
        null,
        null,
        null,
        null,
        null,
        null,
        null,
        null,
        null,
        null,
        null,
        null,
        null,
        null,
        null,
        null,
        null,
        null,
        null,
        null,
        null,
        null,
        null
      ],
      "/Users/ktwotwo/Project/miles-of-smiles/config/initializers/filter_parameter_logging.rb": [
        1
      ],
      "/Users/ktwotwo/Project/miles-of-smiles/config/initializers/inflections.rb": [
        null,
        null,
        null,
        null,
        null,
        null,
        null,
        null,
        null,
        null,
        null,
        null,
        null,
        null,
        null,
        null
      ],
      "/Users/ktwotwo/Project/miles-of-smiles/config/initializers/mime_types.rb": [
        null,
        null,
        null,
        null
      ],
      "/Users/ktwotwo/Project/miles-of-smiles/config/initializers/new_framework_defaults.rb": [
        1,
        1,
        1,
        1,
        1,
        1
      ],
      "/Users/ktwotwo/Project/miles-of-smiles/config/initializers/session_store.rb": [
        null,
        null,
        1
      ],
      "/Users/ktwotwo/Project/miles-of-smiles/config/initializers/wrap_parameters.rb": [
        1,
        2,
        null
      ],
      "/Users/ktwotwo/Project/miles-of-smiles/spec/factories/reviews.rb": [
        1,
        1,
        null,
        null,
        null
      ],
      "/Users/ktwotwo/Project/miles-of-smiles/spec/factories/users.rb": [
        1,
        1,
        1,
        1,
        1,
        null,
        null
      ],
      "/Users/ktwotwo/Project/miles-of-smiles/config/routes.rb": [
        1,
        1,
        1,
        1,
        1,
        1,
        null,
        null
      ],
      "/Users/ktwotwo/Project/miles-of-smiles/app/models/user.rb": [
        1,
        1,
        1,
        1,
        null,
        1,
        null,
        null,
        null
      ],
      "/Users/ktwotwo/Project/miles-of-smiles/app/models/application_record.rb": [
        1,
        1,
        null
      ],
      "/Users/ktwotwo/Project/miles-of-smiles/app/helpers/application_helper.rb": [
        1,
        null
      ],
      "/Users/ktwotwo/Project/miles-of-smiles/app/helpers/product_helper.rb": [
        1,
        null
      ],
      "/Users/ktwotwo/Project/miles-of-smiles/app/helpers/reviews_helper.rb": [
        1,
        null
      ],
      "/Users/ktwotwo/Project/miles-of-smiles/app/helpers/welcome_helper.rb": [
        1,
        null
      ],
      "/Users/ktwotwo/Project/miles-of-smiles/spec/support/factory_girl.rb": [
        1,
        1,
        null
      ],
      "/Users/ktwotwo/Project/miles-of-smiles/spec/models/product_spec.rb": [
        1,
        null,
        1,
        2,
        2,
        2,
        2,
        2,
        2,
        2,
        2,
        2,
        2,
        null
      ],
      "/Users/ktwotwo/Project/miles-of-smiles/app/models/product.rb": [
        1,
        1,
        1,
        1,
        1,
        1,
        null
      ],
      "/Users/ktwotwo/Project/miles-of-smiles/spec/models/review_spec.rb": [
        1,
        null,
        1,
        2,
        2,
        2,
        2,
        2,
        2,
        2,
        2,
        null
      ],
      "/Users/ktwotwo/Project/miles-of-smiles/app/models/review.rb": [
        1,
        1,
        1,
        1,
        null
      ],
      "/Users/ktwotwo/Project/miles-of-smiles/spec/models/user_spec.rb": [
        1,
        null,
        1,
        2,
        2,
        2,
        null,
        2,
        null,
        2,
        2,
        2,
        2,
        2,
        2,
        2,
        2,
        2,
        2,
        2,
        2,
        2,
        2,
        null
      ],
      "/Users/ktwotwo/Project/miles-of-smiles/app/controllers/products_controller.rb": [
        1,
        1,
        null,
        1,
        2,
        null,
        null,
        1,
        0,
        null,
        null,
        null,
        1,
        1,
        1,
        null,
        0,
        0,
        null,
        null,
        null,
        1,
        1,
        1,
        1,
        1,
        null,
        0,
        null,
        null,
        null,
        1,
        0,
        0,
        null,
        0,
        0,
        null,
        null,
        null,
        null,
        1,
        0,
        0,
        0,
        null,
        0,
        null,
        null,
        null,
        1,
        0,
        0,
        0,
        null,
        null,
        1,
        1,
        1,
        null,
        null
      ],
      "/Users/ktwotwo/Project/miles-of-smiles/app/controllers/application_controller.rb": [
        1,
        1,
        null
      ]
    },
    "timestamp": 1487378850
  }
}
